<?xml version="1.0" encoding="UTF-8"?>
<!-- Generated by org.testng.reporters.JUnitXMLReporter -->
<testsuite ignored="2" hostname="WILASSETA0056.local" failures="1" tests="5" name="Test" time="0.044" errors="0" timestamp="2025-09-08T22:30:00 IST">
  <testcase classname="Test.grouping" name="UrlSetup" time="0.007"/>
  <testcase classname="Test.grouping" name="secondTest" time="0.002"/>
  <testcase classname="Test.grouping" name="PrintDataProviderElements" time="0.0">
    <failure type="org.testng.TestNGException" message="
Method public void Test.grouping.PrintDataProviderElements(java.lang.String,java.lang.String) requires a @DataProvider named : getData">
      <![CDATA[org.testng.TestNGException: 
Method public void Test.grouping.PrintDataProviderElements(java.lang.String,java.lang.String) requires a @DataProvider named : getData
at java.base/java.util.ArrayList.forEach(ArrayList.java:1511)
... Removed 24 stack frames]]>
    </failure>
  </testcase> <!-- PrintDataProviderElements -->
  <testcase classname="Test.grouping" name="afifthMethod" time="0.001"/>
  <testcase classname="Test.grouping" name="fourthTest" time="0.0"/>
  <testcase classname="Test.grouping" name="firstTest" time="0.0">
    <ignored/>
  </testcase> <!-- firstTest -->
  <testcase classname="Test.grouping" name="thirdTest" time="0.0">
    <ignored/>
  </testcase> <!-- thirdTest -->
</testsuite> <!-- Test -->
