<?xml version="1.0" encoding="UTF-8"?>
<testng-results ignored="0" total="5" passed="4" failed="1" skipped="0">
  <reporter-output>
  </reporter-output>
  <suite started-at="2025-09-08T22:30:00 IST" name="Group" finished-at="2025-09-08T22:30:00 IST" duration-ms="44">
    <groups>
    </groups>
    <test started-at="2025-09-08T22:30:00 IST" name="Test" finished-at="2025-09-08T22:30:00 IST" duration-ms="44">
      <class name="Test.grouping">
        <test-method signature="UrlSetup(java.lang.String)[pri:0, instance:Test.grouping@7c729a55]" started-at="2025-09-08T22:30:00 IST" name="UrlSetup" finished-at="2025-09-08T22:30:00 IST" duration-ms="7" status="PASS">
          <params>
            <param index="0">
              <value>
                <![CDATA[www.baseUrl.com]]>
              </value>
            </param>
          </params>
          <reporter-output>
          </reporter-output>
        </test-method> <!-- UrlSetup -->
        <test-method signature="secondTest()[pri:0, instance:Test.grouping@7c729a55]" started-at="2025-09-08T22:30:00 IST" name="secondTest" finished-at="2025-09-08T22:30:00 IST" duration-ms="2" status="PASS">
          <reporter-output>
          </reporter-output>
        </test-method> <!-- secondTest -->
        <test-method signature="PrintDataProviderElements(java.lang.String,java.lang.String)[pri:0, instance:Test.grouping@7c729a55]" started-at="2025-09-08T22:30:00 IST" name="PrintDataProviderElements" finished-at="2025-09-08T22:30:00 IST" duration-ms="0" status="FAIL">
          <exception class="org.testng.TestNGException">
            <message>
              <![CDATA[
Method public void Test.grouping.PrintDataProviderElements(java.lang.String,java.lang.String) requires a @DataProvider named : getData]]>
            </message>
            <full-stacktrace>
              <![CDATA[org.testng.TestNGException: 
Method public void Test.grouping.PrintDataProviderElements(java.lang.String,java.lang.String) requires a @DataProvider named : getData
at org.testng.internal.Parameters.findDataProvider(Parameters.java:532)
at org.testng.internal.Parameters.handleParameters(Parameters.java:769)
at org.testng.internal.Parameters.handleParameters(Parameters.java:734)
at org.testng.internal.invokers.ParameterHandler.handleParameters(ParameterHandler.java:72)
at org.testng.internal.invokers.ParameterHandler.createParameters(ParameterHandler.java:51)
at org.testng.internal.invokers.TestInvoker$MethodInvocationAgent.invoke(TestInvoker.java:946)
at org.testng.internal.invokers.TestInvoker.invokeTestMethods(TestInvoker.java:203)
at org.testng.internal.invokers.TestMethodWorker.invokeTestMethods(TestMethodWorker.java:154)
at org.testng.internal.invokers.TestMethodWorker.run(TestMethodWorker.java:134)
at java.base/java.util.ArrayList.forEach(ArrayList.java:1511)
at org.testng.TestRunner.privateRun(TestRunner.java:739)
at org.testng.TestRunner.run(TestRunner.java:614)
at org.testng.SuiteRunner.runTest(SuiteRunner.java:421)
at org.testng.SuiteRunner.runSequentially(SuiteRunner.java:413)
at org.testng.SuiteRunner.privateRun(SuiteRunner.java:373)
at org.testng.SuiteRunner.run(SuiteRunner.java:312)
at org.testng.SuiteRunnerWorker.runSuite(SuiteRunnerWorker.java:52)
at org.testng.SuiteRunnerWorker.run(SuiteRunnerWorker.java:95)
at org.testng.TestNG.runSuitesSequentially(TestNG.java:1274)
at org.testng.TestNG.runSuitesLocally(TestNG.java:1208)
at org.testng.TestNG.runSuites(TestNG.java:1112)
at org.testng.TestNG.run(TestNG.java:1079)
at org.testng.remote.AbstractRemoteTestNG.run(AbstractRemoteTestNG.java:115)
at org.testng.remote.RemoteTestNG.initAndRun(RemoteTestNG.java:293)
at org.testng.remote.RemoteTestNG.main(RemoteTestNG.java:91)
]]>
            </full-stacktrace>
          </exception> <!-- org.testng.TestNGException -->
          <reporter-output>
          </reporter-output>
        </test-method> <!-- PrintDataProviderElements -->
        <test-method signature="afifthMethod()[pri:0, instance:Test.grouping@7c729a55]" started-at="2025-09-08T22:30:00 IST" name="afifthMethod" finished-at="2025-09-08T22:30:00 IST" duration-ms="1" status="PASS">
          <reporter-output>
          </reporter-output>
        </test-method> <!-- afifthMethod -->
        <test-method signature="fourthTest()[pri:0, instance:Test.grouping@7c729a55]" started-at="2025-09-08T22:30:00 IST" name="fourthTest" finished-at="2025-09-08T22:30:00 IST" depends-on-methods="Test.grouping.secondTest" duration-ms="0" status="PASS">
          <reporter-output>
          </reporter-output>
        </test-method> <!-- fourthTest -->
      </class> <!-- Test.grouping -->
    </test> <!-- Test -->
  </suite> <!-- Group -->
</testng-results>
